2019-02-27 14:35:35 8004 [Note] Plugin 'FEDERATED' is disabled.
2019-02-27 14:35:35 8004 [Note] InnoDB: Using atomics to ref count buffer pool pages
2019-02-27 14:35:35 8004 [Note] InnoDB: The InnoDB memory heap is disabled
2019-02-27 14:35:35 8004 [Note] InnoDB: Mutexes and rw_locks use Windows interlocked functions
2019-02-27 14:35:35 8004 [Note] InnoDB: Memory barrier is not used
2019-02-27 14:35:35 8004 [Note] InnoDB: Compressed tables use zlib 1.2.3
2019-02-27 14:35:35 8004 [Note] InnoDB: Not using CPU crc32 instructions
2019-02-27 14:35:35 8004 [Note] InnoDB: Initializing buffer pool, size = 128.0M
2019-02-27 14:35:35 8004 [Note] InnoDB: Completed initialization of buffer pool
2019-02-27 14:35:35 8004 [Note] InnoDB: Setting log file F:\USBWAMPSERVER\usbwebserver\mysql\data\ib_logfile101 size to 5 MB
2019-02-27 14:35:37 8004 [Note] InnoDB: Setting log file F:\USBWAMPSERVER\usbwebserver\mysql\data\ib_logfile1 size to 5 MB
2019-02-27 14:35:39 8004 [Note] InnoDB: Renaming log file F:\USBWAMPSERVER\usbwebserver\mysql\data\ib_logfile101 to F:\USBWAMPSERVER\usbwebserver\mysql\data\ib_logfile0
2019-02-27 14:35:39 8004 [Warning] InnoDB: New log files created, LSN=1626134
2019-02-27 14:35:39 8004 [Note] InnoDB: Highest supported file format is Barracuda.
2019-02-27 14:35:39 266c InnoDB: Error: page 5 log sequence number 1626646
InnoDB: is in the future! Current system log sequence number 1626636.
InnoDB: Your database may be corrupt or you may have copied the InnoDB
InnoDB: tablespace but not the InnoDB log files. See
InnoDB: http://dev.mysql.com/doc/refman/5.6/en/forcing-innodb-recovery.html
InnoDB: for more information.
2019-02-27 14:35:40 8004 [Note] InnoDB: 128 rollback segment(s) are active.
2019-02-27 14:35:40 8004 [Note] InnoDB: Waiting for purge to start
2019-02-27 14:35:40 8004 [Note] InnoDB: 5.6.34 started; log sequence number 1626636
2019-02-27 14:35:40 8004 [Warning] No existing UUID has been found, so we assume that this is the first time that this server has been started. Generating a new UUID: 3f3a6f60-3acf-11e9-a258-0a002700000e.
2019-02-27 14:35:40 8004 [Note] Server hostname (bind-address): '*'; port: 3306
2019-02-27 14:35:40 8004 [Note] IPv6 is available.
2019-02-27 14:35:40 8004 [Note]   - '::' resolves to '::';
2019-02-27 14:35:40 8004 [Note] Server socket created on IP: '::'.
2019-02-27 14:35:41 8004 [Note] Event Scheduler: Loaded 0 events
2019-02-27 14:35:41 8004 [Note] F:\USBWAMPSERVER\usbwebserver/mysql/bin/mysqld_usbwv8.exe: ready for connections.
Version: '5.6.34'  socket: ''  port: 3306  MySQL Community Server (GPL)
