2019-03-05 23:07:51 4324 [Note] Plugin 'FEDERATED' is disabled.
2019-03-05 23:07:52 4324 [Note] InnoDB: Using atomics to ref count buffer pool pages
2019-03-05 23:07:52 4324 [Note] InnoDB: The InnoDB memory heap is disabled
2019-03-05 23:07:52 4324 [Note] InnoDB: Mutexes and rw_locks use Windows interlocked functions
2019-03-05 23:07:52 4324 [Note] InnoDB: Memory barrier is not used
2019-03-05 23:07:52 4324 [Note] InnoDB: Compressed tables use zlib 1.2.3
2019-03-05 23:07:52 4324 [Note] InnoDB: Not using CPU crc32 instructions
2019-03-05 23:07:52 4324 [Note] InnoDB: Initializing buffer pool, size = 128.0M
2019-03-05 23:07:52 4324 [Note] InnoDB: Completed initialization of buffer pool
2019-03-05 23:07:55 4324 [Note] InnoDB: Highest supported file format is Barracuda.
2019-03-05 23:07:55 4324 [Note] InnoDB: Log scan progressed past the checkpoint lsn 4811167
2019-03-05 23:07:55 4324 [Note] InnoDB: Database was not shutdown normally!
2019-03-05 23:07:55 4324 [Note] InnoDB: Starting crash recovery.
2019-03-05 23:07:55 4324 [Note] InnoDB: Reading tablespace information from the .ibd files...
2019-03-05 23:08:12 4324 [Note] InnoDB: Restoring possible half-written data pages 
2019-03-05 23:08:12 4324 [Note] InnoDB: from the doublewrite buffer...
InnoDB: Doing recovery: scanned up to log sequence number 4815487
2019-03-05 23:08:13 4324 [Note] InnoDB: Starting an apply batch of log records to the database...
InnoDB: Progress in percent: 40 41 42 43 44 45 46 47 48 49 50 51 52 53 54 55 56 57 58 59 60 61 62 63 64 65 66 67 68 69 70 71 72 73 74 75 76 77 78 79 80 81 82 83 84 85 86 87 88 89 90 91 92 93 94 95 96 97 98 99 
InnoDB: Apply batch completed
2019-03-05 23:08:14 4324 [Note] InnoDB: 128 rollback segment(s) are active.
2019-03-05 23:08:14 4324 [Note] InnoDB: Waiting for purge to start
2019-03-05 23:08:14 4324 [Note] InnoDB: 5.6.34 started; log sequence number 4815487
2019-03-05 23:08:14 4324 [Note] Server hostname (bind-address): '*'; port: 3306
2019-03-05 23:08:14 4324 [Note] IPv6 is available.
2019-03-05 23:08:14 4324 [Note]   - '::' resolves to '::';
2019-03-05 23:08:14 4324 [Note] Server socket created on IP: '::'.
2019-03-05 23:08:14 4324 [ERROR] Can't start server: Bind on TCP/IP port: No such file or directory
2019-03-05 23:08:14 4324 [ERROR] Do you already have another mysqld server running on port: 3306 ?
2019-03-05 23:08:14 4324 [ERROR] Aborting

2019-03-05 23:08:14 4324 [Note] Binlog end
2019-03-05 23:08:14 4324 [Note] Shutting down plugin 'partition'
2019-03-05 23:08:14 4324 [Note] Shutting down plugin 'PERFORMANCE_SCHEMA'
2019-03-05 23:08:14 4324 [Note] Shutting down plugin 'INNODB_SYS_DATAFILES'
2019-03-05 23:08:14 4324 [Note] Shutting down plugin 'INNODB_SYS_TABLESPACES'
2019-03-05 23:08:14 4324 [Note] Shutting down plugin 'INNODB_SYS_FOREIGN_COLS'
2019-03-05 23:08:14 4324 [Note] Shutting down plugin 'INNODB_SYS_FOREIGN'
2019-03-05 23:08:14 4324 [Note] Shutting down plugin 'INNODB_SYS_FIELDS'
2019-03-05 23:08:14 4324 [Note] Shutting down plugin 'INNODB_SYS_COLUMNS'
2019-03-05 23:08:14 4324 [Note] Shutting down plugin 'INNODB_SYS_INDEXES'
2019-03-05 23:08:14 4324 [Note] Shutting down plugin 'INNODB_SYS_TABLESTATS'
2019-03-05 23:08:14 4324 [Note] Shutting down plugin 'INNODB_SYS_TABLES'
2019-03-05 23:08:14 4324 [Note] Shutting down plugin 'INNODB_FT_INDEX_TABLE'
2019-03-05 23:08:14 4324 [Note] Shutting down plugin 'INNODB_FT_INDEX_CACHE'
2019-03-05 23:08:14 4324 [Note] Shutting down plugin 'INNODB_FT_CONFIG'
2019-03-05 23:08:14 4324 [Note] Shutting down plugin 'INNODB_FT_BEING_DELETED'
2019-03-05 23:08:14 4324 [Note] Shutting down plugin 'INNODB_FT_DELETED'
2019-03-05 23:08:14 4324 [Note] Shutting down plugin 'INNODB_FT_DEFAULT_STOPWORD'
2019-03-05 23:08:14 4324 [Note] Shutting down plugin 'INNODB_METRICS'
2019-03-05 23:08:14 4324 [Note] Shutting down plugin 'INNODB_BUFFER_POOL_STATS'
2019-03-05 23:08:14 4324 [Note] Shutting down plugin 'INNODB_BUFFER_PAGE_LRU'
2019-03-05 23:08:14 4324 [Note] Shutting down plugin 'INNODB_BUFFER_PAGE'
2019-03-05 23:08:14 4324 [Note] Shutting down plugin 'INNODB_CMP_PER_INDEX_RESET'
2019-03-05 23:08:14 4324 [Note] Shutting down plugin 'INNODB_CMP_PER_INDEX'
2019-03-05 23:08:14 4324 [Note] Shutting down plugin 'INNODB_CMPMEM_RESET'
2019-03-05 23:08:14 4324 [Note] Shutting down plugin 'INNODB_CMPMEM'
2019-03-05 23:08:14 4324 [Note] Shutting down plugin 'INNODB_CMP_RESET'
2019-03-05 23:08:14 4324 [Note] Shutting down plugin 'INNODB_CMP'
2019-03-05 23:08:14 4324 [Note] Shutting down plugin 'INNODB_LOCK_WAITS'
2019-03-05 23:08:14 4324 [Note] Shutting down plugin 'INNODB_LOCKS'
2019-03-05 23:08:14 4324 [Note] Shutting down plugin 'INNODB_TRX'
2019-03-05 23:08:14 4324 [Note] Shutting down plugin 'InnoDB'
2019-03-05 23:08:14 4324 [Note] InnoDB: FTS optimize thread exiting.
2019-03-05 23:08:14 4324 [Note] InnoDB: Starting shutdown...
2019-03-05 23:08:16 4324 [Note] InnoDB: Shutdown completed; log sequence number 4815957
2019-03-05 23:08:16 4324 [Note] Shutting down plugin 'BLACKHOLE'
2019-03-05 23:08:16 4324 [Note] Shutting down plugin 'ARCHIVE'
2019-03-05 23:08:16 4324 [Note] Shutting down plugin 'MRG_MYISAM'
2019-03-05 23:08:16 4324 [Note] Shutting down plugin 'MyISAM'
2019-03-05 23:08:16 4324 [Note] Shutting down plugin 'MEMORY'
2019-03-05 23:08:16 4324 [Note] Shutting down plugin 'CSV'
2019-03-05 23:08:16 4324 [Note] Shutting down plugin 'sha256_password'
2019-03-05 23:08:16 4324 [Note] Shutting down plugin 'mysql_old_password'
2019-03-05 23:08:16 4324 [Note] Shutting down plugin 'mysql_native_password'
2019-03-05 23:08:16 4324 [Note] Shutting down plugin 'binlog'
2019-03-05 23:08:16 4324 [Note] E:\usbwampserver3\usbwebserver/mysql/bin/mysqld_usbwv8.exe: Shutdown complete

2019-03-05 23:08:43 10896 [Note] Plugin 'FEDERATED' is disabled.
2019-03-05 23:08:43 10896 [Note] InnoDB: Using atomics to ref count buffer pool pages
2019-03-05 23:08:43 10896 [Note] InnoDB: The InnoDB memory heap is disabled
2019-03-05 23:08:43 10896 [Note] InnoDB: Mutexes and rw_locks use Windows interlocked functions
2019-03-05 23:08:43 10896 [Note] InnoDB: Memory barrier is not used
2019-03-05 23:08:43 10896 [Note] InnoDB: Compressed tables use zlib 1.2.3
2019-03-05 23:08:43 10896 [Note] InnoDB: Not using CPU crc32 instructions
2019-03-05 23:08:43 10896 [Note] InnoDB: Initializing buffer pool, size = 128.0M
2019-03-05 23:08:43 10896 [Note] InnoDB: Completed initialization of buffer pool
2019-03-05 23:08:44 10896 [Note] InnoDB: Highest supported file format is Barracuda.
2019-03-05 23:08:45 10896 [Note] InnoDB: 128 rollback segment(s) are active.
2019-03-05 23:08:45 10896 [Note] InnoDB: Waiting for purge to start
2019-03-05 23:08:45 10896 [Note] InnoDB: 5.6.34 started; log sequence number 4815957
2019-03-05 23:08:45 10896 [Note] Server hostname (bind-address): '*'; port: 3306
2019-03-05 23:08:45 10896 [Note] IPv6 is available.
2019-03-05 23:08:45 10896 [Note]   - '::' resolves to '::';
2019-03-05 23:08:45 10896 [Note] Server socket created on IP: '::'.
2019-03-05 23:08:45 10896 [ERROR] Can't start server: Bind on TCP/IP port: No such file or directory
2019-03-05 23:08:45 10896 [ERROR] Do you already have another mysqld server running on port: 3306 ?
2019-03-05 23:08:45 10896 [ERROR] Aborting

2019-03-05 23:08:45 10896 [Note] Binlog end
2019-03-05 23:08:45 10896 [Note] Shutting down plugin 'partition'
2019-03-05 23:08:45 10896 [Note] Shutting down plugin 'PERFORMANCE_SCHEMA'
2019-03-05 23:08:45 10896 [Note] Shutting down plugin 'INNODB_SYS_DATAFILES'
2019-03-05 23:08:45 10896 [Note] Shutting down plugin 'INNODB_SYS_TABLESPACES'
2019-03-05 23:08:45 10896 [Note] Shutting down plugin 'INNODB_SYS_FOREIGN_COLS'
2019-03-05 23:08:45 10896 [Note] Shutting down plugin 'INNODB_SYS_FOREIGN'
2019-03-05 23:08:45 10896 [Note] Shutting down plugin 'INNODB_SYS_FIELDS'
2019-03-05 23:08:45 10896 [Note] Shutting down plugin 'INNODB_SYS_COLUMNS'
2019-03-05 23:08:45 10896 [Note] Shutting down plugin 'INNODB_SYS_INDEXES'
2019-03-05 23:08:45 10896 [Note] Shutting down plugin 'INNODB_SYS_TABLESTATS'
2019-03-05 23:08:45 10896 [Note] Shutting down plugin 'INNODB_SYS_TABLES'
2019-03-05 23:08:45 10896 [Note] Shutting down plugin 'INNODB_FT_INDEX_TABLE'
2019-03-05 23:08:45 10896 [Note] Shutting down plugin 'INNODB_FT_INDEX_CACHE'
2019-03-05 23:08:45 10896 [Note] Shutting down plugin 'INNODB_FT_CONFIG'
2019-03-05 23:08:45 10896 [Note] Shutting down plugin 'INNODB_FT_BEING_DELETED'
2019-03-05 23:08:45 10896 [Note] Shutting down plugin 'INNODB_FT_DELETED'
2019-03-05 23:08:45 10896 [Note] Shutting down plugin 'INNODB_FT_DEFAULT_STOPWORD'
2019-03-05 23:08:45 10896 [Note] Shutting down plugin 'INNODB_METRICS'
2019-03-05 23:08:45 10896 [Note] Shutting down plugin 'INNODB_BUFFER_POOL_STATS'
2019-03-05 23:08:45 10896 [Note] Shutting down plugin 'INNODB_BUFFER_PAGE_LRU'
2019-03-05 23:08:45 10896 [Note] Shutting down plugin 'INNODB_BUFFER_PAGE'
2019-03-05 23:08:45 10896 [Note] Shutting down plugin 'INNODB_CMP_PER_INDEX_RESET'
2019-03-05 23:08:45 10896 [Note] Shutting down plugin 'INNODB_CMP_PER_INDEX'
2019-03-05 23:08:45 10896 [Note] Shutting down plugin 'INNODB_CMPMEM_RESET'
2019-03-05 23:08:45 10896 [Note] Shutting down plugin 'INNODB_CMPMEM'
2019-03-05 23:08:45 10896 [Note] Shutting down plugin 'INNODB_CMP_RESET'
2019-03-05 23:08:45 10896 [Note] Shutting down plugin 'INNODB_CMP'
2019-03-05 23:08:45 10896 [Note] Shutting down plugin 'INNODB_LOCK_WAITS'
2019-03-05 23:08:45 10896 [Note] Shutting down plugin 'INNODB_LOCKS'
2019-03-05 23:08:45 10896 [Note] Shutting down plugin 'INNODB_TRX'
2019-03-05 23:08:45 10896 [Note] Shutting down plugin 'InnoDB'
2019-03-05 23:08:45 10896 [Note] InnoDB: FTS optimize thread exiting.
2019-03-05 23:08:45 10896 [Note] InnoDB: Starting shutdown...
2019-03-05 23:08:52 10896 [Note] InnoDB: Shutdown completed; log sequence number 4820085
2019-03-05 23:08:52 10896 [Note] Shutting down plugin 'BLACKHOLE'
2019-03-05 23:08:52 10896 [Note] Shutting down plugin 'ARCHIVE'
2019-03-05 23:08:52 10896 [Note] Shutting down plugin 'MRG_MYISAM'
2019-03-05 23:08:52 10896 [Note] Shutting down plugin 'MyISAM'
2019-03-05 23:08:52 10896 [Note] Shutting down plugin 'MEMORY'
2019-03-05 23:08:52 10896 [Note] Shutting down plugin 'CSV'
2019-03-05 23:08:52 10896 [Note] Shutting down plugin 'sha256_password'
2019-03-05 23:08:52 10896 [Note] Shutting down plugin 'mysql_old_password'
2019-03-05 23:08:52 10896 [Note] Shutting down plugin 'mysql_native_password'
2019-03-05 23:08:52 10896 [Note] Shutting down plugin 'binlog'
2019-03-05 23:08:52 10896 [Note] E:\usbwampserver3\usbwebserver/mysql/bin/mysqld_usbwv8.exe: Shutdown complete

2019-03-05 23:09:06 1452 [Note] Plugin 'FEDERATED' is disabled.
2019-03-05 23:09:06 1452 [Note] InnoDB: Using atomics to ref count buffer pool pages
2019-03-05 23:09:06 1452 [Note] InnoDB: The InnoDB memory heap is disabled
2019-03-05 23:09:06 1452 [Note] InnoDB: Mutexes and rw_locks use Windows interlocked functions
2019-03-05 23:09:06 1452 [Note] InnoDB: Memory barrier is not used
2019-03-05 23:09:06 1452 [Note] InnoDB: Compressed tables use zlib 1.2.3
2019-03-05 23:09:06 1452 [Note] InnoDB: Not using CPU crc32 instructions
2019-03-05 23:09:06 1452 [Note] InnoDB: Initializing buffer pool, size = 128.0M
2019-03-05 23:09:06 1452 [Note] InnoDB: Completed initialization of buffer pool
2019-03-05 23:09:07 1452 [Note] InnoDB: Highest supported file format is Barracuda.
2019-03-05 23:09:09 1452 [Note] InnoDB: 128 rollback segment(s) are active.
2019-03-05 23:09:09 1452 [Note] InnoDB: Waiting for purge to start
2019-03-05 23:09:09 1452 [Note] InnoDB: 5.6.34 started; log sequence number 4820085
2019-03-05 23:09:09 1452 [Note] Server hostname (bind-address): '*'; port: 3306
2019-03-05 23:09:09 1452 [Note] IPv6 is available.
2019-03-05 23:09:09 1452 [Note]   - '::' resolves to '::';
2019-03-05 23:09:09 1452 [Note] Server socket created on IP: '::'.
2019-03-05 23:09:09 1452 [ERROR] Can't start server: Bind on TCP/IP port: No such file or directory
2019-03-05 23:09:09 1452 [ERROR] Do you already have another mysqld server running on port: 3306 ?
2019-03-05 23:09:09 1452 [ERROR] Aborting

2019-03-05 23:09:09 1452 [Note] Binlog end
2019-03-05 23:09:09 1452 [Note] Shutting down plugin 'partition'
2019-03-05 23:09:09 1452 [Note] Shutting down plugin 'PERFORMANCE_SCHEMA'
2019-03-05 23:09:09 1452 [Note] Shutting down plugin 'INNODB_SYS_DATAFILES'
2019-03-05 23:09:09 1452 [Note] Shutting down plugin 'INNODB_SYS_TABLESPACES'
2019-03-05 23:09:09 1452 [Note] Shutting down plugin 'INNODB_SYS_FOREIGN_COLS'
2019-03-05 23:09:09 1452 [Note] Shutting down plugin 'INNODB_SYS_FOREIGN'
2019-03-05 23:09:09 1452 [Note] Shutting down plugin 'INNODB_SYS_FIELDS'
2019-03-05 23:09:09 1452 [Note] Shutting down plugin 'INNODB_SYS_COLUMNS'
2019-03-05 23:09:09 1452 [Note] Shutting down plugin 'INNODB_SYS_INDEXES'
2019-03-05 23:09:09 1452 [Note] Shutting down plugin 'INNODB_SYS_TABLESTATS'
2019-03-05 23:09:09 1452 [Note] Shutting down plugin 'INNODB_SYS_TABLES'
2019-03-05 23:09:09 1452 [Note] Shutting down plugin 'INNODB_FT_INDEX_TABLE'
2019-03-05 23:09:09 1452 [Note] Shutting down plugin 'INNODB_FT_INDEX_CACHE'
2019-03-05 23:09:09 1452 [Note] Shutting down plugin 'INNODB_FT_CONFIG'
2019-03-05 23:09:09 1452 [Note] Shutting down plugin 'INNODB_FT_BEING_DELETED'
2019-03-05 23:09:09 1452 [Note] Shutting down plugin 'INNODB_FT_DELETED'
2019-03-05 23:09:09 1452 [Note] Shutting down plugin 'INNODB_FT_DEFAULT_STOPWORD'
2019-03-05 23:09:09 1452 [Note] Shutting down plugin 'INNODB_METRICS'
2019-03-05 23:09:09 1452 [Note] Shutting down plugin 'INNODB_BUFFER_POOL_STATS'
2019-03-05 23:09:09 1452 [Note] Shutting down plugin 'INNODB_BUFFER_PAGE_LRU'
2019-03-05 23:09:09 1452 [Note] Shutting down plugin 'INNODB_BUFFER_PAGE'
2019-03-05 23:09:09 1452 [Note] Shutting down plugin 'INNODB_CMP_PER_INDEX_RESET'
2019-03-05 23:09:09 1452 [Note] Shutting down plugin 'INNODB_CMP_PER_INDEX'
2019-03-05 23:09:09 1452 [Note] Shutting down plugin 'INNODB_CMPMEM_RESET'
2019-03-05 23:09:09 1452 [Note] Shutting down plugin 'INNODB_CMPMEM'
2019-03-05 23:09:09 1452 [Note] Shutting down plugin 'INNODB_CMP_RESET'
2019-03-05 23:09:09 1452 [Note] Shutting down plugin 'INNODB_CMP'
2019-03-05 23:09:09 1452 [Note] Shutting down plugin 'INNODB_LOCK_WAITS'
2019-03-05 23:09:09 1452 [Note] Shutting down plugin 'INNODB_LOCKS'
2019-03-05 23:09:09 1452 [Note] Shutting down plugin 'INNODB_TRX'
2019-03-05 23:09:09 1452 [Note] Shutting down plugin 'InnoDB'
2019-03-05 23:09:09 1452 [Note] InnoDB: FTS optimize thread exiting.
2019-03-05 23:09:09 1452 [Note] InnoDB: Starting shutdown...
2019-03-05 23:09:10 1452 [Note] InnoDB: Shutdown completed; log sequence number 4820095
2019-03-05 23:09:10 1452 [Note] Shutting down plugin 'BLACKHOLE'
2019-03-05 23:09:10 1452 [Note] Shutting down plugin 'ARCHIVE'
2019-03-05 23:09:10 1452 [Note] Shutting down plugin 'MRG_MYISAM'
2019-03-05 23:09:10 1452 [Note] Shutting down plugin 'MyISAM'
2019-03-05 23:09:10 1452 [Note] Shutting down plugin 'MEMORY'
2019-03-05 23:09:11 1452 [Note] Shutting down plugin 'CSV'
2019-03-05 23:09:11 1452 [Note] Shutting down plugin 'sha256_password'
2019-03-05 23:09:11 1452 [Note] Shutting down plugin 'mysql_old_password'
2019-03-05 23:09:11 1452 [Note] Shutting down plugin 'mysql_native_password'
2019-03-05 23:09:11 1452 [Note] Shutting down plugin 'binlog'
2019-03-05 23:09:11 1452 [Note] E:\usbwampserver3\usbwebserver/mysql/bin/mysqld_usbwv8.exe: Shutdown complete

2019-03-05 23:09:39 13096 [Note] Plugin 'FEDERATED' is disabled.
2019-03-05 23:09:39 13096 [Note] InnoDB: Using atomics to ref count buffer pool pages
2019-03-05 23:09:39 13096 [Note] InnoDB: The InnoDB memory heap is disabled
2019-03-05 23:09:39 13096 [Note] InnoDB: Mutexes and rw_locks use Windows interlocked functions
2019-03-05 23:09:39 13096 [Note] InnoDB: Memory barrier is not used
2019-03-05 23:09:39 13096 [Note] InnoDB: Compressed tables use zlib 1.2.3
2019-03-05 23:09:39 13096 [Note] InnoDB: Not using CPU crc32 instructions
2019-03-05 23:09:39 13096 [Note] InnoDB: Initializing buffer pool, size = 128.0M
2019-03-05 23:09:40 13096 [Note] InnoDB: Completed initialization of buffer pool
2019-03-05 23:09:40 13096 [Note] InnoDB: Highest supported file format is Barracuda.
2019-03-05 23:09:41 13096 [Note] InnoDB: 128 rollback segment(s) are active.
2019-03-05 23:09:41 13096 [Note] InnoDB: Waiting for purge to start
2019-03-05 23:09:42 13096 [Note] InnoDB: 5.6.34 started; log sequence number 4820095
2019-03-05 23:09:42 13096 [Note] Server hostname (bind-address): '*'; port: 3306
2019-03-05 23:09:42 13096 [Note] IPv6 is available.
2019-03-05 23:09:42 13096 [Note]   - '::' resolves to '::';
2019-03-05 23:09:42 13096 [Note] Server socket created on IP: '::'.
2019-03-05 23:09:42 13096 [ERROR] Can't start server: Bind on TCP/IP port: No such file or directory
2019-03-05 23:09:42 13096 [ERROR] Do you already have another mysqld server running on port: 3306 ?
2019-03-05 23:09:42 13096 [ERROR] Aborting

2019-03-05 23:09:42 13096 [Note] Binlog end
2019-03-05 23:09:42 13096 [Note] Shutting down plugin 'partition'
2019-03-05 23:09:42 13096 [Note] Shutting down plugin 'PERFORMANCE_SCHEMA'
2019-03-05 23:09:42 13096 [Note] Shutting down plugin 'INNODB_SYS_DATAFILES'
2019-03-05 23:09:42 13096 [Note] Shutting down plugin 'INNODB_SYS_TABLESPACES'
2019-03-05 23:09:42 13096 [Note] Shutting down plugin 'INNODB_SYS_FOREIGN_COLS'
2019-03-05 23:09:42 13096 [Note] Shutting down plugin 'INNODB_SYS_FOREIGN'
2019-03-05 23:09:42 13096 [Note] Shutting down plugin 'INNODB_SYS_FIELDS'
2019-03-05 23:09:42 13096 [Note] Shutting down plugin 'INNODB_SYS_COLUMNS'
2019-03-05 23:09:42 13096 [Note] Shutting down plugin 'INNODB_SYS_INDEXES'
2019-03-05 23:09:42 13096 [Note] Shutting down plugin 'INNODB_SYS_TABLESTATS'
2019-03-05 23:09:42 13096 [Note] Shutting down plugin 'INNODB_SYS_TABLES'
2019-03-05 23:09:42 13096 [Note] Shutting down plugin 'INNODB_FT_INDEX_TABLE'
2019-03-05 23:09:42 13096 [Note] Shutting down plugin 'INNODB_FT_INDEX_CACHE'
2019-03-05 23:09:42 13096 [Note] Shutting down plugin 'INNODB_FT_CONFIG'
2019-03-05 23:09:42 13096 [Note] Shutting down plugin 'INNODB_FT_BEING_DELETED'
2019-03-05 23:09:42 13096 [Note] Shutting down plugin 'INNODB_FT_DELETED'
2019-03-05 23:09:42 13096 [Note] Shutting down plugin 'INNODB_FT_DEFAULT_STOPWORD'
2019-03-05 23:09:42 13096 [Note] Shutting down plugin 'INNODB_METRICS'
2019-03-05 23:09:42 13096 [Note] Shutting down plugin 'INNODB_BUFFER_POOL_STATS'
2019-03-05 23:09:42 13096 [Note] Shutting down plugin 'INNODB_BUFFER_PAGE_LRU'
2019-03-05 23:09:42 13096 [Note] Shutting down plugin 'INNODB_BUFFER_PAGE'
2019-03-05 23:09:42 13096 [Note] Shutting down plugin 'INNODB_CMP_PER_INDEX_RESET'
2019-03-05 23:09:42 13096 [Note] Shutting down plugin 'INNODB_CMP_PER_INDEX'
2019-03-05 23:09:42 13096 [Note] Shutting down plugin 'INNODB_CMPMEM_RESET'
2019-03-05 23:09:42 13096 [Note] Shutting down plugin 'INNODB_CMPMEM'
2019-03-05 23:09:42 13096 [Note] Shutting down plugin 'INNODB_CMP_RESET'
2019-03-05 23:09:42 13096 [Note] Shutting down plugin 'INNODB_CMP'
2019-03-05 23:09:42 13096 [Note] Shutting down plugin 'INNODB_LOCK_WAITS'
2019-03-05 23:09:42 13096 [Note] Shutting down plugin 'INNODB_LOCKS'
2019-03-05 23:09:42 13096 [Note] Shutting down plugin 'INNODB_TRX'
2019-03-05 23:09:42 13096 [Note] Shutting down plugin 'InnoDB'
2019-03-05 23:09:42 13096 [Note] InnoDB: FTS optimize thread exiting.
2019-03-05 23:09:42 13096 [Note] InnoDB: Starting shutdown...
2019-03-05 23:09:43 13096 [Note] InnoDB: Shutdown completed; log sequence number 4820105
2019-03-05 23:09:43 13096 [Note] Shutting down plugin 'BLACKHOLE'
2019-03-05 23:09:43 13096 [Note] Shutting down plugin 'ARCHIVE'
2019-03-05 23:09:43 13096 [Note] Shutting down plugin 'MRG_MYISAM'
2019-03-05 23:09:43 13096 [Note] Shutting down plugin 'MyISAM'
2019-03-05 23:09:43 13096 [Note] Shutting down plugin 'MEMORY'
2019-03-05 23:09:43 13096 [Note] Shutting down plugin 'CSV'
2019-03-05 23:09:43 13096 [Note] Shutting down plugin 'sha256_password'
2019-03-05 23:09:43 13096 [Note] Shutting down plugin 'mysql_old_password'
2019-03-05 23:09:43 13096 [Note] Shutting down plugin 'mysql_native_password'
2019-03-05 23:09:43 13096 [Note] Shutting down plugin 'binlog'
2019-03-05 23:09:43 13096 [Note] E:\usbwampserver3\usbwebserver/mysql/bin/mysqld_usbwv8.exe: Shutdown complete

